<?xml version="1.0" encoding="UTF-8"?>
<testsuite name="SUTTest" tests="1" skipped="0" failures="0" errors="0" timestamp="2023-04-27T16:52:06" hostname="eraserpl-N56VB" time="3.861">
  <properties/>
  <testcase name="shouldReturnAnswer()" classname="SUTTest" time="3.861"/>
  <system-out><![CDATA[]]></system-out>
  <system-err><![CDATA[]]></system-err>
</testsuite>
